<?xml version="1.0" encoding="UTF-8"?>
<testng-results skipped="0" failed="1" total="1" passed="0">
  <reporter-output>
  </reporter-output>
  <suite name="Default suite" duration-ms="72301" started-at="2017-02-03T16:01:16Z" finished-at="2017-02-03T16:02:28Z">
    <groups>
    </groups>
    <test name="Default test" duration-ms="72301" started-at="2017-02-03T16:01:16Z" finished-at="2017-02-03T16:02:28Z">
      <class name="testcases.TC02_ChangeProfile">
        <test-method status="PASS" signature="beforeSuite()[pri:0, instance:testcases.TC02_ChangeProfile@e2abd]" name="beforeSuite" is-config="true" duration-ms="727" started-at="2017-02-03T21:31:15Z" finished-at="2017-02-03T21:31:16Z">
          <reporter-output>
          </reporter-output>
        </test-method> <!-- beforeSuite -->
        <test-method status="PASS" signature="beforeTest()[pri:0, instance:testcases.TC02_ChangeProfile@e2abd]" name="beforeTest" is-config="true" duration-ms="0" started-at="2017-02-03T21:31:16Z" finished-at="2017-02-03T21:31:16Z">
          <reporter-output>
          </reporter-output>
        </test-method> <!-- beforeTest -->
        <test-method status="PASS" signature="setValues()[pri:0, instance:testcases.TC02_ChangeProfile@e2abd]" name="setValues" is-config="true" duration-ms="1" started-at="2017-02-03T21:31:16Z" finished-at="2017-02-03T21:31:16Z">
          <reporter-output>
          </reporter-output>
        </test-method> <!-- setValues -->
        <test-method status="FAIL" signature="login(java.lang.String, java.lang.String, java.lang.String, java.lang.String, java.lang.String, java.lang.String, java.lang.String, java.lang.String)[pri:0, instance:testcases.TC02_ChangeProfile@e2abd]" name="login" duration-ms="70914" started-at="2017-02-03T21:31:17Z" data-provider="fetchData" finished-at="2017-02-03T21:32:28Z">
          <params>
            <param index="0">
              <value>
                <![CDATA[Raj]]>
              </value>
            </param>
            <param index="1">
              <value>
                <![CDATA[6.0]]>
              </value>
            </param>
            <param index="2">
              <value>
                <![CDATA[sakthivel@testleaf.com]]>
              </value>
            </param>
            <param index="3">
              <value>
                <![CDATA[Leaf@123]]>
              </value>
            </param>
            <param index="4">
              <value>
                <![CDATA[Babu]]>
              </value>
            </param>
            <param index="5">
              <value>
                <![CDATA[Manickam]]>
              </value>
            </param>
            <param index="6">
              <value>
                <![CDATA[9500006373]]>
              </value>
            </param>
            <param index="7">
              <value>
                <![CDATA[hanges]]>
              </value>
            </param>
          </params>
          <exception class="java.lang.StackOverflowError">
            <full-stacktrace>
              <![CDATA[java.lang.StackOverflowError
	at java.net.SocketInputStream.socketRead0(Native Method)
	at java.net.SocketInputStream.read(Unknown Source)
	at java.net.SocketInputStream.read(Unknown Source)
	at org.apache.http.impl.io.SessionInputBufferImpl.streamRead(SessionInputBufferImpl.java:139)
	at org.apache.http.impl.io.SessionInputBufferImpl.fillBuffer(SessionInputBufferImpl.java:155)
	at org.apache.http.impl.BHttpConnectionBase.fillInputBuffer(BHttpConnectionBase.java:346)
	at org.apache.http.impl.BHttpConnectionBase.isStale(BHttpConnectionBase.java:366)
	at org.apache.http.impl.conn.CPoolProxy.isStale(CPoolProxy.java:114)
	at org.apache.http.impl.execchain.MainClientExec.execute(MainClientExec.java:208)
	at org.apache.http.impl.execchain.ProtocolExec.execute(ProtocolExec.java:184)
	at org.apache.http.impl.execchain.RetryExec.execute(RetryExec.java:88)
	at org.apache.http.impl.execchain.RedirectExec.execute(RedirectExec.java:110)
	at org.apache.http.impl.client.InternalHttpClient.doExecute(InternalHttpClient.java:184)
	at org.apache.http.impl.client.CloseableHttpClient.execute(CloseableHttpClient.java:71)
	at org.apache.http.impl.client.CloseableHttpClient.execute(CloseableHttpClient.java:55)
	at org.openqa.selenium.remote.internal.ApacheHttpClient.fallBackExecute(ApacheHttpClient.java:142)
	at org.openqa.selenium.remote.internal.ApacheHttpClient.execute(ApacheHttpClient.java:88)
	at org.openqa.selenium.remote.HttpCommandExecutor.execute(HttpCommandExecutor.java:160)
	at io.appium.java_client.remote.AppiumCommandExecutor.execute(AppiumCommandExecutor.java:69)
	at org.openqa.selenium.remote.RemoteWebDriver.execute(RemoteWebDriver.java:601)
	at io.appium.java_client.DefaultGenericMobileDriver.execute(DefaultGenericMobileDriver.java:40)
	at io.appium.java_client.AppiumDriver.execute(AppiumDriver.java:235)
	at org.openqa.selenium.remote.RemoteWebDriver.getScreenshotAs(RemoteWebDriver.java:340)
	at wrapper.WrapperMethods.takeSnap(WrapperMethods.java:314)
	at utils.Reporter.reportStep(Reporter.java:18)
	at wrapper.WrapperMethods.takeSnap(WrapperMethods.java:316)
	at utils.Reporter.reportStep(Reporter.java:18)
	at wrapper.WrapperMethods.takeSnap(WrapperMethods.java:316)
	at utils.Reporter.reportStep(Reporter.java:18)
	at wrapper.WrapperMethods.takeSnap(WrapperMethods.java:316)
	at utils.Reporter.reportStep(Reporter.java:18)
	at wrapper.WrapperMethods.takeSnap(WrapperMethods.java:316)
	at utils.Reporter.reportStep(Reporter.java:18)
	at wrapper.WrapperMethods.takeSnap(WrapperMethods.java:316)
	at utils.Reporter.reportStep(Reporter.java:18)
	at wrapper.WrapperMethods.takeSnap(WrapperMethods.java:316)
	at utils.Reporter.reportStep(Reporter.java:18)
	at wrapper.WrapperMethods.takeSnap(WrapperMethods.java:316)
	at utils.Reporter.reportStep(Reporter.java:18)
	at wrapper.WrapperMethods.takeSnap(WrapperMethods.java:316)
	at utils.Reporter.reportStep(Reporter.java:18)
	at wrapper.WrapperMethods.takeSnap(WrapperMethods.java:316)
	at utils.Reporter.reportStep(Reporter.java:18)
	at wrapper.WrapperMethods.takeSnap(WrapperMethods.java:316)
	at utils.Reporter.reportStep(Reporter.java:18)
	at wrapper.WrapperMethods.takeSnap(WrapperMethods.java:316)
	at utils.Reporter.reportStep(Reporter.java:18)
	at wrapper.WrapperMethods.takeSnap(WrapperMethods.java:316)
	at utils.Reporter.reportStep(Reporter.java:18)
	at wrapper.WrapperMethods.takeSnap(WrapperMethods.java:316)
	at utils.Reporter.reportStep(Reporter.java:18)
	at wrapper.WrapperMethods.takeSnap(WrapperMethods.java:316)
	at utils.Reporter.reportStep(Reporter.java:18)
	at wrapper.WrapperMethods.takeSnap(WrapperMethods.java:316)
	at utils.Reporter.reportStep(Reporter.java:18)
	at wrapper.WrapperMethods.takeSnap(WrapperMethods.java:316)
	at utils.Reporter.reportStep(Reporter.java:18)
	at wrapper.WrapperMethods.takeSnap(WrapperMethods.java:316)
	at utils.Reporter.reportStep(Reporter.java:18)
	at wrapper.WrapperMethods.takeSnap(WrapperMethods.java:316)
	at utils.Reporter.reportStep(Reporter.java:18)
	at wrapper.WrapperMethods.takeSnap(WrapperMethods.java:316)
	at utils.Reporter.reportStep(Reporter.java:18)
	at wrapper.WrapperMethods.takeSnap(WrapperMethods.java:316)
	at utils.Reporter.reportStep(Reporter.java:18)
	at wrapper.WrapperMethods.takeSnap(WrapperMethods.java:316)
	at utils.Reporter.reportStep(Reporter.java:18)
	at wrapper.WrapperMethods.takeSnap(WrapperMethods.java:316)
	at utils.Reporter.reportStep(Reporter.java:18)
	at wrapper.WrapperMethods.takeSnap(WrapperMethods.java:316)
	at utils.Reporter.reportStep(Reporter.java:18)
	at wrapper.WrapperMethods.takeSnap(WrapperMethods.java:316)
	at utils.Reporter.reportStep(Reporter.java:18)
	at wrapper.WrapperMethods.takeSnap(WrapperMethods.java:316)
	at utils.Reporter.reportStep(Reporter.java:18)
	at wrapper.WrapperMethods.takeSnap(WrapperMethods.java:316)
	at utils.Reporter.reportStep(Reporter.java:18)
	at wrapper.WrapperMethods.takeSnap(WrapperMethods.java:316)
	at utils.Reporter.reportStep(Reporter.java:18)
	at wrapper.WrapperMethods.takeSnap(WrapperMethods.java:316)
	at utils.Reporter.reportStep(Reporter.java:18)
	at wrapper.WrapperMethods.takeSnap(WrapperMethods.java:316)
	at utils.Reporter.reportStep(Reporter.java:18)
	at wrapper.WrapperMethods.takeSnap(WrapperMethods.java:316)
	at utils.Reporter.reportStep(Reporter.java:18)
	at wrapper.WrapperMethods.takeSnap(WrapperMethods.java:316)
	at utils.Reporter.reportStep(Reporter.java:18)
	at wrapper.WrapperMethods.takeSnap(WrapperMethods.java:316)
	at utils.Reporter.reportStep(Reporter.java:18)
	at wrapper.WrapperMethods.takeSnap(WrapperMethods.java:316)
	at utils.Reporter.reportStep(Reporter.java:18)
	at wrapper.WrapperMethods.takeSnap(WrapperMethods.java:316)
	at utils.Reporter.reportStep(Reporter.java:18)
	at wrapper.WrapperMethods.takeSnap(WrapperMethods.java:316)
	at utils.Reporter.reportStep(Reporter.java:18)
	at wrapper.WrapperMethods.takeSnap(WrapperMethods.java:316)
	at utils.Reporter.reportStep(Reporter.java:18)
	at wrapper.WrapperMethods.takeSnap(WrapperMethods.java:316)
	at utils.Reporter.reportStep(Reporter.java:18)
	at wrapper.WrapperMethods.takeSnap(WrapperMethods.java:316)
	at utils.Reporter.reportStep(Reporter.java:18)
	at wrapper.WrapperMethods.takeSnap(WrapperMethods.java:316)
	at utils.Reporter.reportStep(Reporter.java:18)
	at wrapper.WrapperMethods.takeSnap(WrapperMethods.java:316)
	at utils.Reporter.reportStep(Reporter.java:18)
	at wrapper.WrapperMethods.takeSnap(WrapperMethods.java:316)
	at utils.Reporter.reportStep(Reporter.java:18)
	at wrapper.WrapperMethods.takeSnap(WrapperMethods.java:316)
	at utils.Reporter.reportStep(Reporter.java:18)
	at wrapper.WrapperMethods.takeSnap(WrapperMethods.java:316)
	at utils.Reporter.reportStep(Reporter.java:18)
	at wrapper.WrapperMethods.takeSnap(WrapperMethods.java:316)
	at utils.Reporter.reportStep(Reporter.java:18)
	at wrapper.WrapperMethods.takeSnap(WrapperMethods.java:316)
	at utils.Reporter.reportStep(Reporter.java:18)
	at wrapper.WrapperMethods.takeSnap(WrapperMethods.java:316)
	at utils.Reporter.reportStep(Reporter.java:18)
	at wrapper.WrapperMethods.takeSnap(WrapperMethods.java:316)
	at utils.Reporter.reportStep(Reporter.java:18)
	at wrapper.WrapperMethods.takeSnap(WrapperMethods.java:316)
	at utils.Reporter.reportStep(Reporter.java:18)
	at wrapper.WrapperMethods.takeSnap(WrapperMethods.java:316)
	at utils.Reporter.reportStep(Reporter.java:18)
	at wrapper.WrapperMethods.takeSnap(WrapperMethods.java:316)
	at utils.Reporter.reportStep(Reporter.java:18)
	at wrapper.WrapperMethods.takeSnap(WrapperMethods.java:316)
	at utils.Reporter.reportStep(Reporter.java:18)
	at wrapper.WrapperMethods.takeSnap(WrapperMethods.java:316)
	at utils.Reporter.reportStep(Reporter.java:18)
	at wrapper.WrapperMethods.takeSnap(WrapperMethods.java:316)
	at utils.Reporter.reportStep(Reporter.java:18)
	at wrapper.WrapperMethods.takeSnap(WrapperMethods.java:316)
	at utils.Reporter.reportStep(Reporter.java:18)
	at wrapper.WrapperMethods.takeSnap(WrapperMethods.java:316)
	at utils.Reporter.reportStep(Reporter.java:18)
	at wrapper.WrapperMethods.takeSnap(WrapperMethods.java:316)
	at utils.Reporter.reportStep(Reporter.java:18)
	at wrapper.WrapperMethods.takeSnap(WrapperMethods.java:316)
	at utils.Reporter.reportStep(Reporter.java:18)
	at wrapper.WrapperMethods.takeSnap(WrapperMethods.java:316)
	at utils.Reporter.reportStep(Reporter.java:18)
	at wrapper.WrapperMethods.takeSnap(WrapperMethods.java:316)
	at utils.Reporter.reportStep(Reporter.java:18)
	at wrapper.WrapperMethods.takeSnap(WrapperMethods.java:316)
	at utils.Reporter.reportStep(Reporter.java:18)
	at wrapper.WrapperMethods.takeSnap(WrapperMethods.java:316)
	at utils.Reporter.reportStep(Reporter.java:18)
	at wrapper.WrapperMethods.takeSnap(WrapperMethods.java:316)
	at utils.Reporter.reportStep(Reporter.java:18)
	at wrapper.WrapperMethods.takeSnap(WrapperMethods.java:316)
	at utils.Reporter.reportStep(Reporter.java:18)
	at wrapper.WrapperMethods.takeSnap(WrapperMethods.java:316)
	at utils.Reporter.reportStep(Reporter.java:18)
	at wrapper.WrapperMethods.takeSnap(WrapperMethods.java:316)
	at utils.Reporter.reportStep(Reporter.java:18)
	at wrapper.WrapperMethods.takeSnap(WrapperMethods.java:316)
	at utils.Reporter.reportStep(Reporter.java:18)
	at wrapper.WrapperMethods.takeSnap(WrapperMethods.java:316)
	at utils.Reporter.reportStep(Reporter.java:18)
	at wrapper.WrapperMethods.takeSnap(WrapperMethods.java:316)
	at utils.Reporter.reportStep(Reporter.java:18)
	at wrapper.WrapperMethods.takeSnap(WrapperMethods.java:316)
	at utils.Reporter.reportStep(Reporter.java:18)
	at wrapper.WrapperMethods.takeSnap(WrapperMethods.java:316)
	at utils.Reporter.reportStep(Reporter.java:18)
	at wrapper.WrapperMethods.takeSnap(WrapperMethods.java:316)
	at utils.Reporter.reportStep(Reporter.java:18)
	at wrapper.WrapperMethods.takeSnap(WrapperMethods.java:316)
	at utils.Reporter.reportStep(Reporter.java:18)
	at wrapper.WrapperMethods.takeSnap(WrapperMethods.java:316)
	at utils.Reporter.reportStep(Reporter.java:18)
	at wrapper.WrapperMethods.takeSnap(WrapperMethods.java:316)
	at utils.Reporter.reportStep(Reporter.java:18)
	at wrapper.WrapperMethods.takeSnap(WrapperMethods.java:316)
	at utils.Reporter.reportStep(Reporter.java:18)
	at wrapper.WrapperMethods.takeSnap(WrapperMethods.java:316)
	at utils.Reporter.reportStep(Reporter.java:18)
	at wrapper.WrapperMethods.takeSnap(WrapperMethods.java:316)
	at utils.Reporter.reportStep(Reporter.java:18)
	at wrapper.WrapperMethods.takeSnap(WrapperMethods.java:316)
	at utils.Reporter.reportStep(Reporter.java:18)
	at wrapper.WrapperMethods.takeSnap(WrapperMethods.java:316)
	at utils.Reporter.reportStep(Reporter.java:18)
	at wrapper.WrapperMethods.takeSnap(WrapperMethods.java:316)
	at utils.Reporter.reportStep(Reporter.java:18)
	at wrapper.WrapperMethods.takeSnap(WrapperMethods.java:316)
	at utils.Reporter.reportStep(Reporter.java:18)
	at wrapper.WrapperMethods.takeSnap(WrapperMethods.java:316)
	at utils.Reporter.reportStep(Reporter.java:18)
	at wrapper.WrapperMethods.takeSnap(WrapperMethods.java:316)
	at utils.Reporter.reportStep(Reporter.java:18)
	at wrapper.WrapperMethods.takeSnap(WrapperMethods.java:316)
	at utils.Reporter.reportStep(Reporter.java:18)
	at wrapper.WrapperMethods.takeSnap(WrapperMethods.java:316)
	at utils.Reporter.reportStep(Reporter.java:18)
	at wrapper.WrapperMethods.takeSnap(WrapperMethods.java:316)
	at utils.Reporter.reportStep(Reporter.java:18)
	at wrapper.WrapperMethods.takeSnap(WrapperMethods.java:316)
	at utils.Reporter.reportStep(Reporter.java:18)
	at wrapper.WrapperMethods.takeSnap(WrapperMethods.java:316)
	at utils.Reporter.reportStep(Reporter.java:18)
	at wrapper.WrapperMethods.takeSnap(WrapperMethods.java:316)
	at utils.Reporter.reportStep(Reporter.java:18)
	at wrapper.WrapperMethods.takeSnap(WrapperMethods.java:316)
	at utils.Reporter.reportStep(Reporter.java:18)
	at wrapper.WrapperMethods.takeSnap(WrapperMethods.java:316)
	at utils.Reporter.reportStep(Reporter.java:18)
	at wrapper.WrapperMethods.takeSnap(WrapperMethods.java:316)
	at utils.Reporter.reportStep(Reporter.java:18)
	at wrapper.WrapperMethods.takeSnap(WrapperMethods.java:316)
	at utils.Reporter.reportStep(Reporter.java:18)
	at wrapper.WrapperMethods.takeSnap(WrapperMethods.java:316)
	at utils.Reporter.reportStep(Reporter.java:18)
	at wrapper.WrapperMethods.takeSnap(WrapperMethods.java:316)
	at utils.Reporter.reportStep(Reporter.java:18)
	at wrapper.WrapperMethods.takeSnap(WrapperMethods.java:316)
	at utils.Reporter.reportStep(Reporter.java:18)
	at wrapper.WrapperMethods.takeSnap(WrapperMethods.java:316)
	at utils.Reporter.reportStep(Reporter.java:18)
	at wrapper.WrapperMethods.takeSnap(WrapperMethods.java:316)
	at utils.Reporter.reportStep(Reporter.java:18)
	at wrapper.WrapperMethods.takeSnap(WrapperMethods.java:316)
	at utils.Reporter.reportStep(Reporter.java:18)
	at wrapper.WrapperMethods.takeSnap(WrapperMethods.java:316)
	at utils.Reporter.reportStep(Reporter.java:18)
	at wrapper.WrapperMethods.takeSnap(WrapperMethods.java:316)
	at utils.Reporter.reportStep(Reporter.java:18)
	at wrapper.WrapperMethods.takeSnap(WrapperMethods.java:316)
	at utils.Reporter.reportStep(Reporter.java:18)
	at wrapper.WrapperMethods.takeSnap(WrapperMethods.java:316)
	at utils.Reporter.reportStep(Reporter.java:18)
	at wrapper.WrapperMethods.takeSnap(WrapperMethods.java:316)
	at utils.Reporter.reportStep(Reporter.java:18)
	at wrapper.WrapperMethods.takeSnap(WrapperMethods.java:316)
	at utils.Reporter.reportStep(Reporter.java:18)
	at wrapper.WrapperMethods.takeSnap(WrapperMethods.java:316)
	at utils.Reporter.reportStep(Reporter.java:18)
	at wrapper.WrapperMethods.takeSnap(WrapperMethods.java:316)
	at utils.Reporter.reportStep(Reporter.java:18)
	at wrapper.WrapperMethods.takeSnap(WrapperMethods.java:316)
	at utils.Reporter.reportStep(Reporter.java:18)
	at wrapper.WrapperMethods.takeSnap(WrapperMethods.java:316)
	at utils.Reporter.reportStep(Reporter.java:18)
	at wrapper.WrapperMethods.takeSnap(WrapperMethods.java:316)
	at utils.Reporter.reportStep(Reporter.java:18)
	at wrapper.WrapperMethods.takeSnap(WrapperMethods.java:316)
	at utils.Reporter.reportStep(Reporter.java:18)
	at wrapper.WrapperMethods.takeSnap(WrapperMethods.java:316)
	at utils.Reporter.reportStep(Reporter.java:18)
	at wrapper.WrapperMethods.takeSnap(WrapperMethods.java:316)
	at utils.Reporter.reportStep(Reporter.java:18)
	at wrapper.WrapperMethods.takeSnap(WrapperMethods.java:316)
	at utils.Reporter.reportStep(Reporter.java:18)
	at wrapper.WrapperMethods.takeSnap(WrapperMethods.java:316)
	at utils.Reporter.reportStep(Reporter.java:18)
	at wrapper.WrapperMethods.takeSnap(WrapperMethods.java:316)
	at utils.Reporter.reportStep(Reporter.java:18)
	at wrapper.WrapperMethods.takeSnap(WrapperMethods.java:316)
	at utils.Reporter.reportStep(Reporter.java:18)
	at wrapper.WrapperMethods.takeSnap(WrapperMethods.java:316)
	at utils.Reporter.reportStep(Reporter.java:18)
	at wrapper.WrapperMethods.takeSnap(WrapperMethods.java:316)
	at utils.Reporter.reportStep(Reporter.java:18)
	at wrapper.WrapperMethods.takeSnap(WrapperMethods.java:316)
	at utils.Reporter.reportStep(Reporter.java:18)
	at wrapper.WrapperMethods.takeSnap(WrapperMethods.java:316)
	at utils.Reporter.reportStep(Reporter.java:18)
	at wrapper.WrapperMethods.takeSnap(WrapperMethods.java:316)
	at utils.Reporter.reportStep(Reporter.java:18)
	at wrapper.WrapperMethods.takeSnap(WrapperMethods.java:316)
	at utils.Reporter.reportStep(Reporter.java:18)
	at wrapper.WrapperMethods.takeSnap(WrapperMethods.java:316)
	at utils.Reporter.reportStep(Reporter.java:18)
	at wrapper.WrapperMethods.takeSnap(WrapperMethods.java:316)
	at utils.Reporter.reportStep(Reporter.java:18)
	at wrapper.WrapperMethods.takeSnap(WrapperMethods.java:316)
	at utils.Reporter.reportStep(Reporter.java:18)
	at wrapper.WrapperMethods.takeSnap(WrapperMethods.java:316)
	at utils.Reporter.reportStep(Reporter.java:18)
	at wrapper.WrapperMethods.takeSnap(WrapperMethods.java:316)
	at utils.Reporter.reportStep(Reporter.java:18)
	at wrapper.WrapperMethods.takeSnap(WrapperMethods.java:316)
	at utils.Reporter.reportStep(Reporter.java:18)
	at wrapper.WrapperMethods.takeSnap(WrapperMethods.java:316)
	at utils.Reporter.reportStep(Reporter.java:18)
	at wrapper.WrapperMethods.takeSnap(WrapperMethods.java:316)
	at utils.Reporter.reportStep(Reporter.java:18)
	at wrapper.WrapperMethods.takeSnap(WrapperMethods.java:316)
	at utils.Reporter.reportStep(Reporter.java:18)
	at wrapper.WrapperMethods.takeSnap(WrapperMethods.java:316)
	at utils.Reporter.reportStep(Reporter.java:18)
	at wrapper.WrapperMethods.takeSnap(WrapperMethods.java:316)
	at utils.Reporter.reportStep(Reporter.java:18)
	at wrapper.WrapperMethods.takeSnap(WrapperMethods.java:316)
	at utils.Reporter.reportStep(Reporter.java:18)
	at wrapper.WrapperMethods.takeSnap(WrapperMethods.java:316)
	at utils.Reporter.reportStep(Reporter.java:18)
	at wrapper.WrapperMethods.takeSnap(WrapperMethods.java:316)
	at utils.Reporter.reportStep(Reporter.java:18)
	at wrapper.WrapperMethods.takeSnap(WrapperMethods.java:316)
	at utils.Reporter.reportStep(Reporter.java:18)
	at wrapper.WrapperMethods.takeSnap(WrapperMethods.java:316)
	at utils.Reporter.reportStep(Reporter.java:18)
	at wrapper.WrapperMethods.takeSnap(WrapperMethods.java:316)
	at utils.Reporter.reportStep(Reporter.java:18)
	at wrapper.WrapperMethods.takeSnap(WrapperMethods.java:316)
	at utils.Reporter.reportStep(Reporter.java:18)
	at wrapper.WrapperMethods.takeSnap(WrapperMethods.java:316)
	at utils.Reporter.reportStep(Reporter.java:18)
	at wrapper.WrapperMethods.takeSnap(WrapperMethods.java:316)
	at utils.Reporter.reportStep(Reporter.java:18)
	at wrapper.WrapperMethods.takeSnap(WrapperMethods.java:316)
	at utils.Reporter.reportStep(Reporter.java:18)
	at wrapper.WrapperMethods.takeSnap(WrapperMethods.java:316)
	at utils.Reporter.reportStep(Reporter.java:18)
	at wrapper.WrapperMethods.takeSnap(WrapperMethods.java:316)
	at utils.Reporter.reportStep(Reporter.java:18)
	at wrapper.WrapperMethods.takeSnap(WrapperMethods.java:316)
	at utils.Reporter.reportStep(Reporter.java:18)
	at wrapper.WrapperMethods.takeSnap(WrapperMethods.java:316)
	at utils.Reporter.reportStep(Reporter.java:18)
	at wrapper.WrapperMethods.takeSnap(WrapperMethods.java:316)
	at utils.Reporter.reportStep(Reporter.java:18)
	at wrapper.WrapperMethods.takeSnap(WrapperMethods.java:316)
	at utils.Reporter.reportStep(Reporter.java:18)
	at wrapper.WrapperMethods.takeSnap(WrapperMethods.java:316)
	at utils.Reporter.reportStep(Reporter.java:18)
	at wrapper.WrapperMethods.takeSnap(WrapperMethods.java:316)
	at utils.Reporter.reportStep(Reporter.java:18)
	at wrapper.WrapperMethods.takeSnap(WrapperMethods.java:316)
	at utils.Reporter.reportStep(Reporter.java:18)
	at wrapper.WrapperMethods.takeSnap(WrapperMethods.java:316)
	at utils.Reporter.reportStep(Reporter.java:18)
	at wrapper.WrapperMethods.takeSnap(WrapperMethods.java:316)
	at utils.Reporter.reportStep(Reporter.java:18)
	at wrapper.WrapperMethods.takeSnap(WrapperMethods.java:316)
	at utils.Reporter.reportStep(Reporter.java:18)
	at wrapper.WrapperMethods.takeSnap(WrapperMethods.java:316)
	at utils.Reporter.reportStep(Reporter.java:18)
	at wrapper.WrapperMethods.takeSnap(WrapperMethods.java:316)
	at utils.Reporter.reportStep(Reporter.java:18)
	at wrapper.WrapperMethods.takeSnap(WrapperMethods.java:316)
	at utils.Reporter.reportStep(Reporter.java:18)
	at wrapper.WrapperMethods.takeSnap(WrapperMethods.java:316)
	at utils.Reporter.reportStep(Reporter.java:18)
	at wrapper.WrapperMethods.takeSnap(WrapperMethods.java:316)
	at utils.Reporter.reportStep(Reporter.java:18)
	at wrapper.WrapperMethods.takeSnap(WrapperMethods.java:316)
	at utils.Reporter.reportStep(Reporter.java:18)
	at wrapper.WrapperMethods.takeSnap(WrapperMethods.java:316)
	at utils.Reporter.reportStep(Reporter.java:18)
	at wrapper.WrapperMethods.takeSnap(WrapperMethods.java:316)
	at utils.Reporter.reportStep(Reporter.java:18)
	at wrapper.WrapperMethods.takeSnap(WrapperMethods.java:316)
	at utils.Reporter.reportStep(Reporter.java:18)
	at wrapper.WrapperMethods.takeSnap(WrapperMethods.java:316)
	at utils.Reporter.reportStep(Reporter.java:18)
	at wrapper.WrapperMethods.takeSnap(WrapperMethods.java:316)
	at utils.Reporter.reportStep(Reporter.java:18)
	at wrapper.WrapperMethods.takeSnap(WrapperMethods.java:316)
	at utils.Reporter.reportStep(Reporter.java:18)
	at wrapper.WrapperMethods.takeSnap(WrapperMethods.java:316)
	at utils.Reporter.reportStep(Reporter.java:18)
	at wrapper.WrapperMethods.takeSnap(WrapperMethods.java:316)
	at utils.Reporter.reportStep(Reporter.java:18)
	at wrapper.WrapperMethods.takeSnap(WrapperMethods.java:316)
	at utils.Reporter.reportStep(Reporter.java:18)
	at wrapper.WrapperMethods.takeSnap(WrapperMethods.java:316)
	at utils.Reporter.reportStep(Reporter.java:18)
	at wrapper.WrapperMethods.takeSnap(WrapperMethods.java:316)
	at utils.Reporter.reportStep(Reporter.java:18)
	at wrapper.WrapperMethods.takeSnap(WrapperMethods.java:316)
	at utils.Reporter.reportStep(Reporter.java:18)
	at wrapper.WrapperMethods.takeSnap(WrapperMethods.java:316)
	at utils.Reporter.reportStep(Reporter.java:18)
	at wrapper.WrapperMethods.takeSnap(WrapperMethods.java:316)
	at utils.Reporter.reportStep(Reporter.java:18)
	at wrapper.WrapperMethods.takeSnap(WrapperMethods.java:316)
	at utils.Reporter.reportStep(Reporter.java:18)
	at wrapper.WrapperMethods.takeSnap(WrapperMethods.java:316)
	at utils.Reporter.reportStep(Reporter.java:18)
	at wrapper.WrapperMethods.takeSnap(WrapperMethods.java:316)
	at utils.Reporter.reportStep(Reporter.java:18)
	at wrapper.WrapperMethods.takeSnap(WrapperMethods.java:316)
	at utils.Reporter.reportStep(Reporter.java:18)
	at wrapper.WrapperMethods.takeSnap(WrapperMethods.java:316)
	at utils.Reporter.reportStep(Reporter.java:18)
	at wrapper.WrapperMethods.takeSnap(WrapperMethods.java:316)
	at utils.Reporter.reportStep(Reporter.java:18)
	at wrapper.WrapperMethods.takeSnap(WrapperMethods.java:316)
	at utils.Reporter.reportStep(Reporter.java:18)
	at wrapper.WrapperMethods.takeSnap(WrapperMethods.java:316)
	at utils.Reporter.reportStep(Reporter.java:18)
	at wrapper.WrapperMethods.takeSnap(WrapperMethods.java:316)
	at utils.Reporter.reportStep(Reporter.java:18)
	at wrapper.WrapperMethods.takeSnap(WrapperMethods.java:316)
	at utils.Reporter.reportStep(Reporter.java:18)
	at wrapper.WrapperMethods.takeSnap(WrapperMethods.java:316)
	at utils.Reporter.reportStep(Reporter.java:18)
	at wrapper.WrapperMethods.takeSnap(WrapperMethods.java:316)
	at utils.Reporter.reportStep(Reporter.java:18)
	at wrapper.WrapperMethods.takeSnap(WrapperMethods.java:316)
	at utils.Reporter.reportStep(Reporter.java:18)
	at wrapper.WrapperMethods.takeSnap(WrapperMethods.java:316)
	at utils.Reporter.reportStep(Reporter.java:18)
	at wrapper.WrapperMethods.takeSnap(WrapperMethods.java:316)
	at utils.Reporter.reportStep(Reporter.java:18)
	at wrapper.WrapperMethods.takeSnap(WrapperMethods.java:316)
	at utils.Reporter.reportStep(Reporter.java:18)
	at wrapper.WrapperMethods.takeSnap(WrapperMethods.java:316)
	at utils.Reporter.reportStep(Reporter.java:18)
	at wrapper.WrapperMethods.takeSnap(WrapperMethods.java:316)
	at utils.Reporter.reportStep(Reporter.java:18)
	at wrapper.WrapperMethods.takeSnap(WrapperMethods.java:316)
	at utils.Reporter.reportStep(Reporter.java:18)
	at wrapper.WrapperMethods.takeSnap(WrapperMethods.java:316)
	at utils.Reporter.reportStep(Reporter.java:18)
	at wrapper.WrapperMethods.takeSnap(WrapperMethods.java:316)
	at utils.Reporter.reportStep(Reporter.java:18)
	at wrapper.WrapperMethods.takeSnap(WrapperMethods.java:316)
	at utils.Reporter.reportStep(Reporter.java:18)
	at wrapper.WrapperMethods.takeSnap(WrapperMethods.java:316)
	at utils.Reporter.reportStep(Reporter.java:18)
	at wrapper.WrapperMethods.takeSnap(WrapperMethods.java:316)
	at utils.Reporter.reportStep(Reporter.java:18)
	at wrapper.WrapperMethods.takeSnap(WrapperMethods.java:316)
	at utils.Reporter.reportStep(Reporter.java:18)
	at wrapper.WrapperMethods.takeSnap(WrapperMethods.java:316)
	at utils.Reporter.reportStep(Reporter.java:18)
	at wrapper.WrapperMethods.takeSnap(WrapperMethods.java:316)
	at utils.Reporter.reportStep(Reporter.java:18)
	at wrapper.WrapperMethods.takeSnap(WrapperMethods.java:316)
	at utils.Reporter.reportStep(Reporter.java:18)
	at wrapper.WrapperMethods.takeSnap(WrapperMethods.java:316)
	at utils.Reporter.reportStep(Reporter.java:18)
	at wrapper.WrapperMethods.takeSnap(WrapperMethods.java:316)
	at utils.Reporter.reportStep(Reporter.java:18)
	at wrapper.WrapperMethods.takeSnap(WrapperMethods.java:316)
	at utils.Reporter.reportStep(Reporter.java:18)
	at wrapper.WrapperMethods.takeSnap(WrapperMethods.java:316)
	at utils.Reporter.reportStep(Reporter.java:18)
	at wrapper.WrapperMethods.takeSnap(WrapperMethods.java:316)
	at utils.Reporter.reportStep(Reporter.java:18)
	at wrapper.WrapperMethods.takeSnap(WrapperMethods.java:316)
	at utils.Reporter.reportStep(Reporter.java:18)
	at wrapper.WrapperMethods.takeSnap(WrapperMethods.java:316)
	at utils.Reporter.reportStep(Reporter.java:18)
	at wrapper.WrapperMethods.takeSnap(WrapperMethods.java:316)
	at utils.Reporter.reportStep(Reporter.java:18)
	at wrapper.WrapperMethods.takeSnap(WrapperMethods.java:316)
	at utils.Reporter.reportStep(Reporter.java:18)
	at wrapper.WrapperMethods.takeSnap(WrapperMethods.java:316)
	at utils.Reporter.reportStep(Reporter.java:18)
	at wrapper.WrapperMethods.takeSnap(WrapperMethods.java:316)
	at utils.Reporter.reportStep(Reporter.java:18)
	at wrapper.WrapperMethods.takeSnap(WrapperMethods.java:316)
	at utils.Reporter.reportStep(Reporter.java:18)
	at wrapper.WrapperMethods.takeSnap(WrapperMethods.java:316)
	at utils.Reporter.reportStep(Reporter.java:18)
	at wrapper.WrapperMethods.takeSnap(WrapperMethods.java:316)
	at utils.Reporter.reportStep(Reporter.java:18)
	at wrapper.WrapperMethods.takeSnap(WrapperMethods.java:316)
	at utils.Reporter.reportStep(Reporter.java:18)
	at wrapper.WrapperMethods.takeSnap(WrapperMethods.java:316)
	at utils.Reporter.reportStep(Reporter.java:18)
	at wrapper.WrapperMethods.takeSnap(WrapperMethods.java:316)
	at utils.Reporter.reportStep(Reporter.java:18)
	at wrapper.WrapperMethods.takeSnap(WrapperMethods.java:316)
	at utils.Reporter.reportStep(Reporter.java:18)
	at wrapper.WrapperMethods.takeSnap(WrapperMethods.java:316)
	at utils.Reporter.reportStep(Reporter.java:18)
	at wrapper.WrapperMethods.takeSnap(WrapperMethods.java:316)
	at utils.Reporter.reportStep(Reporter.java:18)
	at wrapper.WrapperMethods.takeSnap(WrapperMethods.java:316)
	at utils.Reporter.reportStep(Reporter.java:18)
	at wrapper.WrapperMethods.takeSnap(WrapperMethods.java:316)
	at utils.Reporter.reportStep(Reporter.java:18)
	at wrapper.WrapperMethods.takeSnap(WrapperMethods.java:316)
	at utils.Reporter.reportStep(Reporter.java:18)
	at wrapper.WrapperMethods.takeSnap(WrapperMethods.java:316)
	at utils.Reporter.reportStep(Reporter.java:18)
	at wrapper.WrapperMethods.takeSnap(WrapperMethods.java:316)
	at utils.Reporter.reportStep(Reporter.java:18)
	at wrapper.WrapperMethods.takeSnap(WrapperMethods.java:316)
	at utils.Reporter.reportStep(Reporter.java:18)
	at wrapper.WrapperMethods.takeSnap(WrapperMethods.java:316)
	at utils.Reporter.reportStep(Reporter.java:18)
	at wrapper.WrapperMethods.takeSnap(WrapperMethods.java:316)
	at utils.Reporter.reportStep(Reporter.java:18)
	at wrapper.WrapperMethods.takeSnap(WrapperMethods.java:316)
	at utils.Reporter.reportStep(Reporter.java:18)
	at wrapper.WrapperMethods.takeSnap(WrapperMethods.java:316)
	at utils.Reporter.reportStep(Reporter.java:18)
	at wrapper.WrapperMethods.takeSnap(WrapperMethods.java:316)
	at utils.Reporter.reportStep(Reporter.java:18)
	at wrapper.WrapperMethods.takeSnap(WrapperMethods.java:316)
	at utils.Reporter.reportStep(Reporter.java:18)
	at wrapper.WrapperMethods.takeSnap(WrapperMethods.java:316)
	at utils.Reporter.reportStep(Reporter.java:18)
	at wrapper.WrapperMethods.takeSnap(WrapperMethods.java:316)
	at utils.Reporter.reportStep(Reporter.java:18)
	at wrapper.WrapperMethods.takeSnap(WrapperMethods.java:316)
	at utils.Reporter.reportStep(Reporter.java:18)
	at wrapper.WrapperMethods.takeSnap(WrapperMethods.java:316)
	at utils.Reporter.reportStep(Reporter.java:18)
	at wrapper.WrapperMethods.takeSnap(WrapperMethods.java:316)
	at utils.Reporter.reportStep(Reporter.java:18)
	at wrapper.WrapperMethods.takeSnap(WrapperMethods.java:316)
	at utils.Reporter.reportStep(Reporter.java:18)
	at wrapper.WrapperMethods.takeSnap(WrapperMethods.java:316)
	at utils.Reporter.reportStep(Reporter.java:18)
	at wrapper.WrapperMethods.takeSnap(WrapperMethods.java:316)
	at utils.Reporter.reportStep(Reporter.java:18)
	at wrapper.WrapperMethods.takeSnap(WrapperMethods.java:316)
	at utils.Reporter.reportStep(Reporter.java:18)
	at wrapper.WrapperMethods.takeSnap(WrapperMethods.java:316)
	at utils.Reporter.reportStep(Reporter.java:18)
	at wrapper.WrapperMethods.takeSnap(WrapperMethods.java:316)
	at utils.Reporter.reportStep(Reporter.java:18)
	at wrapper.WrapperMethods.takeSnap(WrapperMethods.java:316)
	at utils.Reporter.reportStep(Reporter.java:18)
	at wrapper.WrapperMethods.takeSnap(WrapperMethods.java:316)
	at utils.Reporter.reportStep(Reporter.java:18)
	at wrapper.WrapperMethods.takeSnap(WrapperMethods.java:316)
	at utils.Reporter.reportStep(Reporter.java:18)
	at wrapper.WrapperMethods.takeSnap(WrapperMethods.java:316)
	at utils.Reporter.reportStep(Reporter.java:18)
	at wrapper.WrapperMethods.takeSnap(WrapperMethods.java:316)
	at utils.Reporter.reportStep(Reporter.java:18)
	at wrapper.WrapperMethods.takeSnap(WrapperMethods.java:316)
	at utils.Reporter.reportStep(Reporter.java:18)
	at wrapper.WrapperMethods.takeSnap(WrapperMethods.java:316)
	at utils.Reporter.reportStep(Reporter.java:18)
	at wrapper.WrapperMethods.takeSnap(WrapperMethods.java:316)
	at utils.Reporter.reportStep(Reporter.java:18)
	at wrapper.WrapperMethods.takeSnap(WrapperMethods.java:316)
	at utils.Reporter.reportStep(Reporter.java:18)
	at wrapper.WrapperMethods.takeSnap(WrapperMethods.java:316)
	at utils.Reporter.reportStep(Reporter.java:18)
	at wrapper.WrapperMethods.takeSnap(WrapperMethods.java:316)
	at utils.Reporter.reportStep(Reporter.java:18)
	at wrapper.WrapperMethods.takeSnap(WrapperMethods.java:316)
	at utils.Reporter.reportStep(Reporter.java:18)
	at wrapper.WrapperMethods.takeSnap(WrapperMethods.java:316)
	at utils.Reporter.reportStep(Reporter.java:18)
	at wrapper.WrapperMethods.takeSnap(WrapperMethods.java:316)
	at utils.Reporter.reportStep(Reporter.java:18)
	at wrapper.WrapperMethods.takeSnap(WrapperMethods.java:316)
	at utils.Reporter.reportStep(Reporter.java:18)
	at wrapper.WrapperMethods.takeSnap(WrapperMethods.java:316)
	at utils.Reporter.reportStep(Reporter.java:18)
	at wrapper.WrapperMethods.takeSnap(WrapperMethods.java:316)
	at utils.Reporter.reportStep(Reporter.java:18)
	at wrapper.WrapperMethods.takeSnap(WrapperMethods.java:316)
	at utils.Reporter.reportStep(Reporter.java:18)
	at wrapper.WrapperMethods.takeSnap(WrapperMethods.java:316)
	at utils.Reporter.reportStep(Reporter.java:18)
	at wrapper.WrapperMethods.takeSnap(WrapperMethods.java:316)
	at utils.Reporter.reportStep(Reporter.java:18)
	at wrapper.WrapperMethods.takeSnap(WrapperMethods.java:316)
	at utils.Reporter.reportStep(Reporter.java:18)
	at wrapper.WrapperMethods.takeSnap(WrapperMethods.java:316)
	at utils.Reporter.reportStep(Reporter.java:18)
	at wrapper.WrapperMethods.takeSnap(WrapperMethods.java:316)
	at utils.Reporter.reportStep(Reporter.java:18)
	at wrapper.WrapperMethods.takeSnap(WrapperMethods.java:316)
	at utils.Reporter.reportStep(Reporter.java:18)
	at wrapper.WrapperMethods.takeSnap(WrapperMethods.java:316)
	at utils.Reporter.reportStep(Reporter.java:18)
	at wrapper.WrapperMethods.takeSnap(WrapperMethods.java:316)
	at utils.Reporter.reportStep(Reporter.java:18)
	at wrapper.WrapperMethods.takeSnap(WrapperMethods.java:316)
	at utils.Reporter.reportStep(Reporter.java:18)
	at wrapper.WrapperMethods.takeSnap(WrapperMethods.java:316)
	at utils.Reporter.reportStep(Reporter.java:18)
	at wrapper.WrapperMethods.takeSnap(WrapperMethods.java:316)
	at utils.Reporter.reportStep(Reporter.java:18)
	at wrapper.WrapperMethods.takeSnap(WrapperMethods.java:316)
	at utils.Reporter.reportStep(Reporter.java:18)
	at wrapper.WrapperMethods.takeSnap(WrapperMethods.java:316)
	at utils.Reporter.reportStep(Reporter.java:18)
	at wrapper.WrapperMethods.takeSnap(WrapperMethods.java:316)
	at utils.Reporter.reportStep(Reporter.java:18)
	at wrapper.WrapperMethods.takeSnap(WrapperMethods.java:316)
	at utils.Reporter.reportStep(Reporter.java:18)
	at wrapper.WrapperMethods.takeSnap(WrapperMethods.java:316)
	at utils.Reporter.reportStep(Reporter.java:18)
	at wrapper.WrapperMethods.takeSnap(WrapperMethods.java:316)
	at utils.Reporter.reportStep(Reporter.java:18)
	at wrapper.WrapperMethods.takeSnap(WrapperMethods.java:316)
	at utils.Reporter.reportStep(Reporter.java:18)
	at wrapper.WrapperMethods.takeSnap(WrapperMethods.java:316)
	at utils.Reporter.reportStep(Reporter.java:18)
	at wrapper.WrapperMethods.takeSnap(WrapperMethods.java:316)
	at utils.Reporter.reportStep(Reporter.java:18)
	at wrapper.WrapperMethods.takeSnap(WrapperMethods.java:316)
	at utils.Reporter.reportStep(Reporter.java:18)
	at wrapper.WrapperMethods.takeSnap(WrapperMethods.java:316)
	at utils.Reporter.reportStep(Reporter.java:18)
	at wrapper.WrapperMethods.takeSnap(WrapperMethods.java:316)
	at utils.Reporter.reportStep(Reporter.java:18)
	at wrapper.WrapperMethods.takeSnap(WrapperMethods.java:316)
	at utils.Reporter.reportStep(Reporter.java:18)
	at wrapper.WrapperMethods.takeSnap(WrapperMethods.java:316)
	at utils.Reporter.reportStep(Reporter.java:18)
	at wrapper.WrapperMethods.takeSnap(WrapperMethods.java:316)
	at utils.Reporter.reportStep(Reporter.java:18)
	at wrapper.WrapperMethods.takeSnap(WrapperMethods.java:316)
	at utils.Reporter.reportStep(Reporter.java:18)
	at wrapper.WrapperMethods.takeSnap(WrapperMethods.java:316)
	at utils.Reporter.reportStep(Reporter.java:18)
	at wrapper.WrapperMethods.takeSnap(WrapperMethods.java:316)
	at utils.Reporter.reportStep(Reporter.java:18)
	at wrapper.WrapperMethods.takeSnap(WrapperMethods.java:316)
	at utils.Reporter.reportStep(Reporter.java:18)
	at wrapper.WrapperMethods.takeSnap(WrapperMethods.java:316)
	at utils.Reporter.reportStep(Reporter.java:18)
	at wrapper.WrapperMethods.takeSnap(WrapperMethods.java:316)
	at utils.Reporter.reportStep(Reporter.java:18)
	at wrapper.WrapperMethods.takeSnap(WrapperMethods.java:316)
	at utils.Reporter.reportStep(Reporter.java:18)
	at wrapper.WrapperMethods.takeSnap(WrapperMethods.java:316)
	at utils.Reporter.reportStep(Reporter.java:18)
	at wrapper.WrapperMethods.takeSnap(WrapperMethods.java:316)
	at utils.Reporter.reportStep(Reporter.java:18)
	at wrapper.WrapperMethods.takeSnap(WrapperMethods.java:316)
	at utils.Reporter.reportStep(Reporter.java:18)
	at wrapper.WrapperMethods.takeSnap(WrapperMethods.java:316)
	at utils.Reporter.reportStep(Reporter.java:18)
	at wrapper.WrapperMethods.takeSnap(WrapperMethods.java:316)
	at utils.Reporter.reportStep(Reporter.java:18)
	at wrapper.WrapperMethods.takeSnap(WrapperMethods.java:316)
	at utils.Reporter.reportStep(Reporter.java:18)
	at wrapper.WrapperMethods.takeSnap(WrapperMethods.java:316)
	at utils.Reporter.reportStep(Reporter.java:18)
	at wrapper.WrapperMethods.takeSnap(WrapperMethods.java:316)
	at utils.Reporter.reportStep(Reporter.java:18)
	at wrapper.WrapperMethods.takeSnap(WrapperMethods.java:316)
	at utils.Reporter.reportStep(Reporter.java:18)
	at wrapper.WrapperMethods.takeSnap(WrapperMethods.java:316)
	at utils.Reporter.reportStep(Reporter.java:18)
	at wrapper.WrapperMethods.takeSnap(WrapperMethods.java:316)
	at utils.Reporter.reportStep(Reporter.java:18)
	at wrapper.WrapperMethods.takeSnap(WrapperMethods.java:316)
	at utils.Reporter.reportStep(Reporter.java:18)
	at wrapper.WrapperMethods.takeSnap(WrapperMethods.java:316)
	at utils.Reporter.reportStep(Reporter.java:18)
	at wrapper.WrapperMethods.takeSnap(WrapperMethods.java:316)
	at utils.Reporter.reportStep(Reporter.java:18)
	at wrapper.WrapperMethods.takeSnap(WrapperMethods.java:316)
	at utils.Reporter.reportStep(Reporter.java:18)
	at wrapper.WrapperMethods.takeSnap(WrapperMethods.java:316)
	at utils.Reporter.reportStep(Reporter.java:18)
	at wrapper.WrapperMethods.takeSnap(WrapperMethods.java:316)
	at utils.Reporter.reportStep(Reporter.java:18)
	at wrapper.WrapperMethods.takeSnap(WrapperMethods.java:316)
	at utils.Reporter.reportStep(Reporter.java:18)
	at wrapper.WrapperMethods.takeSnap(WrapperMethods.java:316)
	at utils.Reporter.reportStep(Reporter.java:18)
	at wrapper.WrapperMethods.takeSnap(WrapperMethods.java:316)
	at utils.Reporter.reportStep(Reporter.java:18)
	at wrapper.WrapperMethods.takeSnap(WrapperMethods.java:316)
	at utils.Reporter.reportStep(Reporter.java:18)
	at wrapper.WrapperMethods.takeSnap(WrapperMethods.java:316)
	at utils.Reporter.reportStep(Reporter.java:18)
	at wrapper.WrapperMethods.takeSnap(WrapperMethods.java:316)
	at utils.Reporter.reportStep(Reporter.java:18)
	at wrapper.WrapperMethods.takeSnap(WrapperMethods.java:316)
	at utils.Reporter.reportStep(Reporter.java:18)
	at wrapper.WrapperMethods.takeSnap(WrapperMethods.java:316)
	at utils.Reporter.reportStep(Reporter.java:18)
	at wrapper.WrapperMethods.takeSnap(WrapperMethods.java:316)
	at utils.Reporter.reportStep(Reporter.java:18)
	at wrapper.WrapperMethods.takeSnap(WrapperMethods.java:316)
	at utils.Reporter.reportStep(Reporter.java:18)
	at wrapper.WrapperMethods.takeSnap(WrapperMethods.java:316)
	at utils.Reporter.reportStep(Reporter.java:18)
	at wrapper.WrapperMethods.takeSnap(WrapperMethods.java:316)
	at utils.Reporter.reportStep(Reporter.java:18)
	at wrapper.WrapperMethods.takeSnap(WrapperMethods.java:316)
	at utils.Reporter.reportStep(Reporter.java:18)
	at wrapper.WrapperMethods.takeSnap(WrapperMethods.java:316)
	at utils.Reporter.reportStep(Reporter.java:18)
	at wrapper.WrapperMethods.takeSnap(WrapperMethods.java:316)
	at utils.Reporter.reportStep(Reporter.java:18)
	at wrapper.WrapperMethods.takeSnap(WrapperMethods.java:316)
	at utils.Reporter.reportStep(Reporter.java:18)
	at wrapper.WrapperMethods.takeSnap(WrapperMethods.java:316)
	at utils.Reporter.reportStep(Reporter.java:18)
	at wrapper.WrapperMethods.takeSnap(WrapperMethods.java:316)
	at utils.Reporter.reportStep(Reporter.java:18)
	at wrapper.WrapperMethods.takeSnap(WrapperMethods.java:316)
	at utils.Reporter.reportStep(Reporter.java:18)
	at wrapper.WrapperMethods.takeSnap(WrapperMethods.java:316)
	at utils.Reporter.reportStep(Reporter.java:18)
	at wrapper.WrapperMethods.takeSnap(WrapperMethods.java:316)
	at utils.Reporter.reportStep(Reporter.java:18)
	at wrapper.WrapperMethods.takeSnap(WrapperMethods.java:316)
	at utils.Reporter.reportStep(Reporter.java:18)
	at wrapper.WrapperMethods.takeSnap(WrapperMethods.java:316)
	at utils.Reporter.reportStep(Reporter.java:18)
	at wrapper.WrapperMethods.takeSnap(WrapperMethods.java:316)
	at utils.Reporter.reportStep(Reporter.java:18)
	at wrapper.WrapperMethods.takeSnap(WrapperMethods.java:316)
	at utils.Reporter.reportStep(Reporter.java:18)
	at wrapper.WrapperMethods.takeSnap(WrapperMethods.java:316)
	at utils.Reporter.reportStep(Reporter.java:18)
	at wrapper.WrapperMethods.takeSnap(WrapperMethods.java:316)
	at utils.Reporter.reportStep(Reporter.java:18)
	at wrapper.WrapperMethods.takeSnap(WrapperMethods.java:316)
	at utils.Reporter.reportStep(Reporter.java:18)
	at wrapper.WrapperMethods.takeSnap(WrapperMethods.java:316)
	at utils.Reporter.reportStep(Reporter.java:18)
	at wrapper.WrapperMethods.takeSnap(WrapperMethods.java:316)
	at utils.Reporter.reportStep(Reporter.java:18)
	at wrapper.WrapperMethods.takeSnap(WrapperMethods.java:316)
	at utils.Reporter.reportStep(Reporter.java:18)
	at wrapper.WrapperMethods.takeSnap(WrapperMethods.java:316)
	at utils.Reporter.reportStep(Reporter.java:18)
	at wrapper.WrapperMethods.takeSnap(WrapperMethods.java:316)
	at utils.Reporter.reportStep(Reporter.java:18)
	at wrapper.WrapperMethods.takeSnap(WrapperMethods.java:316)
	at utils.Reporter.reportStep(Reporter.java:18)
	at wrapper.WrapperMethods.takeSnap(WrapperMethods.java:316)
	at utils.Reporter.reportStep(Reporter.java:18)
	at wrapper.WrapperMethods.takeSnap(WrapperMethods.java:316)
	at utils.Reporter.reportStep(Reporter.java:18)
	at wrapper.WrapperMethods.takeSnap(WrapperMethods.java:316)
	at utils.Reporter.reportStep(Reporter.java:18)
	at wrapper.WrapperMethods.takeSnap(WrapperMethods.java:316)
	at utils.Reporter.reportStep(Reporter.java:18)
	at wrapper.WrapperMethods.takeSnap(WrapperMethods.java:316)
	at utils.Reporter.reportStep(Reporter.java:18)
	at wrapper.WrapperMethods.takeSnap(WrapperMethods.java:316)
	at utils.Reporter.reportStep(Reporter.java:18)
	at wrapper.WrapperMethods.takeSnap(WrapperMethods.java:316)
	at utils.Reporter.reportStep(Reporter.java:18)
	at wrapper.WrapperMethods.takeSnap(WrapperMethods.java:316)
	at utils.Reporter.reportStep(Reporter.java:18)
	at wrapper.WrapperMethods.takeSnap(WrapperMethods.java:316)
	at utils.Reporter.reportStep(Reporter.java:18)
	at wrapper.WrapperMethods.takeSnap(WrapperMethods.java:316)
	at utils.Reporter.reportStep(Reporter.java:18)
	at wrapper.WrapperMethods.takeSnap(WrapperMethods.java:316)
	at utils.Reporter.reportStep(Reporter.java:18)
	at wrapper.WrapperMethods.takeSnap(WrapperMethods.java:316)
	at utils.Reporter.reportStep(Reporter.java:18)
	at wrapper.WrapperMethods.takeSnap(WrapperMethods.java:316)
	at utils.Reporter.reportStep(Reporter.java:18)
	at wrapper.WrapperMethods.takeSnap(WrapperMethods.java:316)
	at utils.Reporter.reportStep(Reporter.java:18)
	at wrapper.WrapperMethods.takeSnap(WrapperMethods.java:316)
	at utils.Reporter.reportStep(Reporter.java:18)
	at wrapper.WrapperMethods.takeSnap(WrapperMethods.java:316)
	at utils.Reporter.reportStep(Reporter.java:18)
	at wrapper.WrapperMethods.takeSnap(WrapperMethods.java:316)
	at utils.Reporter.reportStep(Reporter.java:18)
	at wrapper.WrapperMethods.takeSnap(WrapperMethods.java:316)
	at utils.Reporter.reportStep(Reporter.java:18)
	at wrapper.WrapperMethods.takeSnap(WrapperMethods.java:316)
	at utils.Reporter.reportStep(Reporter.java:18)
	at wrapper.WrapperMethods.takeSnap(WrapperMethods.java:316)
	at utils.Reporter.reportStep(Reporter.java:18)
	at wrapper.WrapperMethods.takeSnap(WrapperMethods.java:316)
	at utils.Reporter.reportStep(Reporter.java:18)
	at wrapper.WrapperMethods.takeSnap(WrapperMethods.java:316)
	at utils.Reporter.reportStep(Reporter.java:18)
	at wrapper.WrapperMethods.takeSnap(WrapperMethods.java:316)
	at utils.Reporter.reportStep(Reporter.java:18)
	at wrapper.WrapperMethods.takeSnap(WrapperMethods.java:316)
	at utils.Reporter.reportStep(Reporter.java:18)
	at wrapper.WrapperMethods.takeSnap(WrapperMethods.java:316)
	at utils.Reporter.reportStep(Reporter.java:18)
	at wrapper.WrapperMethods.takeSnap(WrapperMethods.java:316)
	at utils.Reporter.reportStep(Reporter.java:18)
	at wrapper.WrapperMethods.takeSnap(WrapperMethods.java:316)
	at utils.Reporter.reportStep(Reporter.java:18)
	at wrapper.WrapperMethods.takeSnap(WrapperMethods.java:316)
	at utils.Reporter.reportStep(Reporter.java:18)
	at wrapper.WrapperMethods.takeSnap(WrapperMethods.java:316)
	at utils.Reporter.reportStep(Reporter.java:18)
	at wrapper.WrapperMethods.takeSnap(WrapperMethods.java:316)
	at utils.Reporter.reportStep(Reporter.java:18)
	at wrapper.WrapperMethods.takeSnap(WrapperMethods.java:316)
	at utils.Reporter.reportStep(Reporter.java:18)
	at wrapper.WrapperMethods.takeSnap(WrapperMethods.java:316)
	at utils.Reporter.reportStep(Reporter.java:18)
	at wrapper.WrapperMethods.takeSnap(WrapperMethods.java:316)
	at utils.Reporter.reportStep(Reporter.java:18)
	at wrapper.WrapperMethods.takeSnap(WrapperMethods.java:316)
	at utils.Reporter.reportStep(Reporter.java:18)
	at wrapper.WrapperMethods.takeSnap(WrapperMethods.java:316)
	at utils.Reporter.reportStep(Reporter.java:18)
	at wrapper.WrapperMethods.takeSnap(WrapperMethods.java:316)
	at utils.Reporter.reportStep(Reporter.java:18)
	at wrapper.WrapperMethods.takeSnap(WrapperMethods.java:316)
	at utils.Reporter.reportStep(Reporter.java:18)
	at wrapper.WrapperMethods.takeSnap(WrapperMethods.java:316)
	at utils.Reporter.reportStep(Reporter.java:18)
	at wrapper.WrapperMethods.takeSnap(WrapperMethods.java:316)
	at utils.Reporter.reportStep(Reporter.java:18)
	at wrapper.WrapperMethods.takeSnap(WrapperMethods.java:316)
	at utils.Reporter.reportStep(Reporter.java:18)
	at wrapper.WrapperMethods.takeSnap(WrapperMethods.java:316)
	at utils.Reporter.reportStep(Reporter.java:18)
	at wrapper.WrapperMethods.takeSnap(WrapperMethods.java:316)
	at utils.Reporter.reportStep(Reporter.java:18)
	at wrapper.WrapperMethods.takeSnap(WrapperMethods.java:316)
	at utils.Reporter.reportStep(Reporter.java:18)
	at wrapper.WrapperMethods.takeSnap(WrapperMethods.java:316)
	at utils.Reporter.reportStep(Reporter.java:18)
	at wrapper.WrapperMethods.takeSnap(WrapperMethods.java:316)
	at utils.Reporter.reportStep(Reporter.java:18)
	at wrapper.WrapperMethods.takeSnap(WrapperMethods.java:316)
	at utils.Reporter.reportStep(Reporter.java:18)
	at wrapper.WrapperMethods.takeSnap(WrapperMethods.java:316)
	at utils.Reporter.reportStep(Reporter.java:18)
	at wrapper.WrapperMethods.takeSnap(WrapperMethods.java:316)
	at utils.Reporter.reportStep(Reporter.java:18)
	at wrapper.WrapperMethods.takeSnap(WrapperMethods.java:316)
	at utils.Reporter.reportStep(Reporter.java:18)
	at wrapper.WrapperMethods.takeSnap(WrapperMethods.java:316)
	at utils.Reporter.reportStep(Reporter.java:18)
	at wrapper.WrapperMethods.takeSnap(WrapperMethods.java:316)
	at utils.Reporter.reportStep(Reporter.java:18)
	at wrapper.WrapperMethods.takeSnap(WrapperMethods.java:316)
	at utils.Reporter.reportStep(Reporter.java:18)
	at wrapper.WrapperMethods.takeSnap(WrapperMethods.java:316)
	at utils.Reporter.reportStep(Reporter.java:18)
	at wrapper.WrapperMethods.takeSnap(WrapperMethods.java:316)
	at utils.Reporter.reportStep(Reporter.java:18)
	at wrapper.WrapperMethods.takeSnap(WrapperMethods.java:316)
	at utils.Reporter.reportStep(Reporter.java:18)
	at wrapper.WrapperMethods.takeSnap(WrapperMethods.java:316)
	at utils.Reporter.reportStep(Reporter.java:18)
	at wrapper.WrapperMethods.takeSnap(WrapperMethods.java:316)
	at utils.Reporter.reportStep(Reporter.java:18)
	at wrapper.WrapperMethods.takeSnap(WrapperMethods.java:316)
	at utils.Reporter.reportStep(Reporter.java:18)
	at wrapper.WrapperMethods.takeSnap(WrapperMethods.java:316)
	at utils.Reporter.reportStep(Reporter.java:18)
	at wrapper.WrapperMethods.takeSnap(WrapperMethods.java:316)
	at utils.Reporter.reportStep(Reporter.java:18)
	at wrapper.WrapperMethods.takeSnap(WrapperMethods.java:316)
	at utils.Reporter.reportStep(Reporter.java:18)
	at wrapper.WrapperMethods.takeSnap(WrapperMethods.java:316)
	at utils.Reporter.reportStep(Reporter.java:18)
	at wrapper.WrapperMethods.takeSnap(WrapperMethods.java:316)
	at utils.Reporter.reportStep(Reporter.java:18)
	at wrapper.WrapperMethods.takeSnap(WrapperMethods.java:316)
	at utils.Reporter.reportStep(Reporter.java:18)
	at wrapper.WrapperMethods.takeSnap(WrapperMethods.java:316)
	at utils.Reporter.reportStep(Reporter.java:18)
	at wrapper.WrapperMethods.takeSnap(WrapperMethods.java:316)
	at utils.Reporter.reportStep(Reporter.java:18)
	at wrapper.WrapperMethods.takeSnap(WrapperMethods.java:316)
	at utils.Reporter.reportStep(Reporter.java:18)
	at wrapper.WrapperMethods.takeSnap(WrapperMethods.java:316)
	at utils.Reporter.reportStep(Reporter.java:18)
	at wrapper.WrapperMethods.takeSnap(WrapperMethods.java:316)
	at utils.Reporter.reportStep(Reporter.java:18)
	at wrapper.WrapperMethods.takeSnap(WrapperMethods.java:316)
	at utils.Reporter.reportStep(Reporter.java:18)
	at wrapper.WrapperMethods.takeSnap(WrapperMethods.java:316)
	at utils.Reporter.reportStep(Reporter.java:18)
	at wrapper.WrapperMethods.takeSnap(WrapperMethods.java:316)
	at utils.Reporter.reportStep(Reporter.java:18)
	at wrapper.WrapperMethods.takeSnap(WrapperMethods.java:316)
	at utils.Reporter.reportStep(Reporter.java:18)
	at wrapper.WrapperMethods.takeSnap(WrapperMethods.java:316)
	at utils.Reporter.reportStep(Reporter.java:18)
	at wrapper.WrapperMethods.takeSnap(WrapperMethods.java:316)
	at utils.Reporter.reportStep(Reporter.java:18)
	at wrapper.WrapperMethods.takeSnap(WrapperMethods.java:316)
	at utils.Reporter.reportStep(Reporter.java:18)
	at wrapper.WrapperMethods.takeSnap(WrapperMethods.java:316)
	at utils.Reporter.reportStep(Reporter.java:18)
	at wrapper.WrapperMethods.takeSnap(WrapperMethods.java:316)
	at utils.Reporter.reportStep(Reporter.java:18)
	at wrapper.WrapperMethods.takeSnap(WrapperMethods.java:316)
	at utils.Reporter.reportStep(Reporter.java:18)
	at wrapper.WrapperMethods.takeSnap(WrapperMethods.java:316)
	at utils.Reporter.reportStep(Reporter.java:18)
	at wrapper.WrapperMethods.takeSnap(WrapperMethods.java:316)
	at utils.Reporter.reportStep(Reporter.java:18)
	at wrapper.WrapperMethods.takeSnap(WrapperMethods.java:316)
	at utils.Reporter.reportStep(Reporter.java:18)
	at wrapper.WrapperMethods.takeSnap(WrapperMethods.java:316)
	at utils.Reporter.reportStep(Reporter.java:18)
	at wrapper.WrapperMethods.takeSnap(WrapperMethods.java:316)
	at utils.Reporter.reportStep(Reporter.java:18)
	at wrapper.WrapperMethods.takeSnap(WrapperMethods.java:316)
	at utils.Reporter.reportStep(Reporter.java:18)
	at wrapper.WrapperMethods.takeSnap(WrapperMethods.java:316)
	at utils.Reporter.reportStep(Reporter.java:18)
	at wrapper.WrapperMethods.takeSnap(WrapperMethods.java:316)
	at utils.Reporter.reportStep(Reporter.java:18)
	at wrapper.WrapperMethods.takeSnap(WrapperMethods.java:316)
	at utils.Reporter.reportStep(Reporter.java:18)
	at wrapper.WrapperMethods.takeSnap(WrapperMethods.java:316)
	at utils.Reporter.reportStep(Reporter.java:18)
	at wrapper.WrapperMethods.takeSnap(WrapperMethods.java:316)
	at utils.Reporter.reportStep(Reporter.java:18)
	at wrapper.WrapperMethods.takeSnap(WrapperMethods.java:316)
	at utils.Reporter.reportStep(Reporter.java:18)
	at wrapper.WrapperMethods.takeSnap(WrapperMethods.java:316)
	at utils.Reporter.reportStep(Reporter.java:18)
	at wrapper.WrapperMethods.takeSnap(WrapperMethods.java:316)
	at utils.Reporter.reportStep(Reporter.java:18)
	at wrapper.WrapperMethods.takeSnap(WrapperMethods.java:316)
	at utils.Reporter.reportStep(Reporter.java:18)
	at wrapper.WrapperMethods.takeSnap(WrapperMethods.java:316)
	at utils.Reporter.reportStep(Reporter.java:18)
	at wrapper.WrapperMethods.takeSnap(WrapperMethods.java:316)
	at utils.Reporter.reportStep(Reporter.java:18)
	at wrapper.WrapperMethods.takeSnap(WrapperMethods.java:316)
	at utils.Reporter.reportStep(Reporter.java:18)
	at wrapper.WrapperMethods.takeSnap(WrapperMethods.java:316)
	at utils.Reporter.reportStep(Reporter.java:18)
	at wrapper.WrapperMethods.takeSnap(WrapperMethods.java:316)
	at utils.Reporter.reportStep(Reporter.java:18)
	at wrapper.WrapperMethods.takeSnap(WrapperMethods.java:316)
	at utils.Reporter.reportStep(Reporter.java:18)
	at wrapper.WrapperMethods.takeSnap(WrapperMethods.java:316)
	at utils.Reporter.reportStep(Reporter.java:18)
	at wrapper.WrapperMethods.takeSnap(WrapperMethods.java:316)
	at utils.Reporter.reportStep(Reporter.java:18)
	at wrapper.WrapperMethods.takeSnap(WrapperMethods.java:316)
	at utils.Reporter.reportStep(Reporter.java:18)
	at wrapper.WrapperMethods.takeSnap(WrapperMethods.java:316)
	at utils.Reporter.reportStep(Reporter.java:18)
	at wrapper.WrapperMethods.takeSnap(WrapperMethods.java:316)
	at utils.Reporter.reportStep(Reporter.java:18)
	at wrapper.WrapperMethods.takeSnap(WrapperMethods.java:316)
	at utils.Reporter.reportStep(Reporter.java:18)
	at wrapper.WrapperMethods.takeSnap(WrapperMethods.java:316)
	at utils.Reporter.reportStep(Reporter.java:18)
	at wrapper.WrapperMethods.takeSnap(WrapperMethods.java:316)
	at utils.Reporter.reportStep(Reporter.java:18)
	at wrapper.WrapperMethods.takeSnap(WrapperMethods.java:316)
	at utils.Reporter.reportStep(Reporter.java:18)
	at wrapper.WrapperMethods.takeSnap(WrapperMethods.java:316)
	at utils.Reporter.reportStep(Reporter.java:18)
	at wrapper.WrapperMethods.takeSnap(WrapperMethods.java:316)
	at utils.Reporter.reportStep(Reporter.java:18)
	at wrapper.WrapperMethods.takeSnap(WrapperMethods.java:316)
	at utils.Reporter.reportStep(Reporter.java:18)
	at wrapper.WrapperMethods.takeSnap(WrapperMethods.java:316)
	at utils.Reporter.reportStep(Reporter.java:18)
	at wrapper.WrapperMethods.takeSnap(WrapperMethods.java:316)
	at utils.Reporter.reportStep(Reporter.java:18)
	at wrapper.WrapperMethods.takeSnap(WrapperMethods.java:316)
	at utils.Reporter.reportStep(Reporter.java:18)
	at wrapper.WrapperMethods.takeSnap(WrapperMethods.java:316)
	at utils.Reporter.reportStep(Reporter.java:18)
	at wrapper.WrapperMethods.takeSnap(WrapperMethods.java:316)
	at utils.Reporter.reportStep(Reporter.java:18)
	at wrapper.WrapperMethods.takeSnap(WrapperMethods.java:316)
	at utils.Reporter.reportStep(Reporter.java:18)
	at wrapper.WrapperMethods.takeSnap(WrapperMethods.java:316)
	at utils.Reporter.reportStep(Reporter.java:18)
	at wrapper.WrapperMethods.takeSnap(WrapperMethods.java:316)
	at utils.Reporter.reportStep(Reporter.java:18)
	at wrapper.WrapperMethods.takeSnap(WrapperMethods.java:316)
	at utils.Reporter.reportStep(Reporter.java:18)
	at wrapper.WrapperMethods.takeSnap(WrapperMethods.java:316)
	at utils.Reporter.reportStep(Reporter.java:18)
	at wrapper.WrapperMethods.takeSnap(WrapperMethods.java:316)
	at utils.Reporter.reportStep(Reporter.java:18)
	at wrapper.WrapperMethods.takeSnap(WrapperMethods.java:316)
	at utils.Reporter.reportStep(Reporter.java:18)
	at wrapper.WrapperMethods.takeSnap(WrapperMethods.java:316)
	at utils.Reporter.reportStep(Reporter.java:18)
	at wrapper.WrapperMethods.takeSnap(WrapperMethods.java:316)
	at utils.Reporter.reportStep(Reporter.java:18)
	at wrapper.WrapperMethods.takeSnap(WrapperMethods.java:316)
	at utils.Reporter.reportStep(Reporter.java:18)
	at wrapper.WrapperMethods.takeSnap(WrapperMethods.java:316)
	at utils.Reporter.reportStep(Reporter.java:18)
	at wrapper.WrapperMethods.takeSnap(WrapperMethods.java:316)
	at utils.Reporter.reportStep(Reporter.java:18)
	at wrapper.WrapperMethods.takeSnap(WrapperMethods.java:316)
	at utils.Reporter.reportStep(Reporter.java:18)
	at wrapper.WrapperMethods.takeSnap(WrapperMethods.java:316)
	at utils.Reporter.reportStep(Reporter.java:18)
	at wrapper.WrapperMethods.takeSnap(WrapperMethods.java:316)
	at utils.Reporter.reportStep(Reporter.java:18)
	at wrapper.WrapperMethods.takeSnap(WrapperMethods.java:316)
	at utils.Reporter.reportStep(Reporter.java:18)
	at wrapper.WrapperMethods.takeSnap(WrapperMethods.java:316)
	at utils.Reporter.reportStep(Reporter.java:18)
	at wrapper.WrapperMethods.takeSnap(WrapperMethods.java:316)
	at utils.Reporter.reportStep(Reporter.java:18)
	at wrapper.WrapperMethods.takeSnap(WrapperMethods.java:316)
	at utils.Reporter.reportStep(Reporter.java:18)
	at wrapper.WrapperMethods.takeSnap(WrapperMethods.java:316)
	at utils.Reporter.reportStep(Reporter.java:18)
	at wrapper.WrapperMethods.takeSnap(WrapperMethods.java:316)
	at utils.Reporter.reportStep(Reporter.java:18)
	at wrapper.WrapperMethods.takeSnap(WrapperMethods.java:316)
	at utils.Reporter.reportStep(Reporter.java:18)
	at wrapper.WrapperMethods.takeSnap(WrapperMethods.java:316)
	at utils.Reporter.reportStep(Reporter.java:18)
	at wrapper.WrapperMethods.takeSnap(WrapperMethods.java:316)
	at utils.Reporter.reportStep(Reporter.java:18)
	at wrapper.WrapperMethods.takeSnap(WrapperMethods.java:316)
	at utils.Reporter.reportStep(Reporter.java:18)
	at wrapper.WrapperMethods.takeSnap(WrapperMethods.java:316)
	at utils.Reporter.reportStep(Reporter.java:18)
	at wrapper.WrapperMethods.takeSnap(WrapperMethods.java:316)
	at utils.Reporter.reportStep(Reporter.java:18)
	at wrapper.WrapperMethods.takeSnap(WrapperMethods.java:316)
	at utils.Reporter.reportStep(Reporter.java:18)
	at wrapper.WrapperMethods.takeSnap(WrapperMethods.java:316)
	at utils.Reporter.reportStep(Reporter.java:18)
	at wrapper.WrapperMethods.takeSnap(WrapperMethods.java:316)
	at utils.Reporter.reportStep(Reporter.java:18)
	at wrapper.WrapperMethods.takeSnap(WrapperMethods.java:316)
	at utils.Reporter.reportStep(Reporter.java:18)
	at wrapper.WrapperMethods.takeSnap(WrapperMethods.java:316)
	at utils.Reporter.reportStep(Reporter.java:18)
	at wrapper.WrapperMethods.takeSnap(WrapperMethods.java:316)
	at utils.Reporter.reportStep(Reporter.java:18)
	at wrapper.WrapperMethods.takeSnap(WrapperMethods.java:316)
]]>
            </full-stacktrace>
          </exception> <!-- java.lang.StackOverflowError -->
          <reporter-output>
          </reporter-output>
        </test-method> <!-- login -->
        <test-method status="PASS" signature="beforeMethod()[pri:0, instance:testcases.TC02_ChangeProfile@e2abd]" name="beforeMethod" is-config="true" duration-ms="0" started-at="2017-02-03T21:31:17Z" finished-at="2017-02-03T21:31:17Z">
          <reporter-output>
          </reporter-output>
        </test-method> <!-- beforeMethod -->
        <test-method status="PASS" signature="afterMethod()[pri:0, instance:testcases.TC02_ChangeProfile@e2abd]" name="afterMethod" is-config="true" duration-ms="1" started-at="2017-02-03T21:32:28Z" finished-at="2017-02-03T21:32:28Z">
          <reporter-output>
          </reporter-output>
        </test-method> <!-- afterMethod -->
        <test-method status="PASS" signature="afterTest()[pri:0, instance:testcases.TC02_ChangeProfile@e2abd]" name="afterTest" is-config="true" duration-ms="0" started-at="2017-02-03T21:32:28Z" finished-at="2017-02-03T21:32:28Z">
          <reporter-output>
          </reporter-output>
        </test-method> <!-- afterTest -->
        <test-method status="PASS" signature="afterSuite()[pri:0, instance:testcases.TC02_ChangeProfile@e2abd]" name="afterSuite" is-config="true" duration-ms="406" started-at="2017-02-03T21:32:28Z" finished-at="2017-02-03T21:32:29Z">
          <reporter-output>
          </reporter-output>
        </test-method> <!-- afterSuite -->
      </class> <!-- testcases.TC02_ChangeProfile -->
    </test> <!-- Default test -->
  </suite> <!-- Default suite -->
</testng-results>
